<?xml version="1.0" encoding="UTF-8" ?>
<testsuites>
 <testsuite name="stockAPIDataDriven_script" package="API_w_Database.suite" timestamp="2024-07-11 11:56:07.388 -0400"
 tests="1"  failures="1" errors="0" time="0.400000">
  <properties>
   <property name="RunDate" value="2024-07-11 11:56:07.388 -0400"/>
   <property name="Status" value="Failure"/>
  </properties>
  <testcase name="stockAPIDataDriven.script" assertions="1" status="failure"  time="0.384">
    <failure type="FAILURE" message="Iteration Error: nextValue() was called with a value that doesn&apos;t support iteration -- Execution Time 0:00:00 stockAPIDataDriven.script" />
  </testcase>
 </testsuite>
</testsuites>
